[Tue Dec 17 09:58:15.718736 2024] [mpm_event:notice] [pid 1:tid 1] AH00489: Apache/2.4.62 (Unix) configured -- resuming normal operations
[Tue Dec 17 09:58:15.722637 2024] [core:notice] [pid 1:tid 1] AH00094: Command line: 'httpd -D FOREGROUND'
[Tue Dec 17 09:58:28.681074 2024] [mpm_event:notice] [pid 1:tid 1] AH00492: caught SIGWINCH, shutting down gracefully
[Tue Dec 17 10:01:24.959399 2024] [mpm_event:notice] [pid 1:tid 1] AH00489: Apache/2.4.62 (Unix) configured -- resuming normal operations
[Tue Dec 17 10:01:24.959556 2024] [core:notice] [pid 1:tid 1] AH00094: Command line: 'httpd -D FOREGROUND'
[Tue Dec 17 10:02:52.678505 2024] [mpm_event:notice] [pid 1:tid 1] AH00492: caught SIGWINCH, shutting down gracefully
[Tue Dec 17 10:02:55.911759 2024] [mpm_event:notice] [pid 1:tid 1] AH00489: Apache/2.4.62 (Unix) configured -- resuming normal operations
[Tue Dec 17 10:02:55.911864 2024] [core:notice] [pid 1:tid 1] AH00094: Command line: 'httpd -D FOREGROUND'
[Tue Dec 17 10:03:49.844278 2024] [mpm_event:notice] [pid 1:tid 1] AH00492: caught SIGWINCH, shutting down gracefully
[Tue Dec 17 10:03:53.756946 2024] [mpm_event:notice] [pid 1:tid 1] AH00489: Apache/2.4.62 (Unix) configured -- resuming normal operations
[Tue Dec 17 10:03:53.757058 2024] [core:notice] [pid 1:tid 1] AH00094: Command line: 'httpd -D FOREGROUND'
[Tue Dec 17 10:05:34.416823 2024] [mpm_event:notice] [pid 1:tid 1] AH00492: caught SIGWINCH, shutting down gracefully
[Tue Dec 17 10:05:37.847335 2024] [mpm_event:notice] [pid 1:tid 1] AH00489: Apache/2.4.62 (Unix) configured -- resuming normal operations
[Tue Dec 17 10:05:37.847590 2024] [core:notice] [pid 1:tid 1] AH00094: Command line: 'httpd -D FOREGROUND'
[Tue Dec 17 10:07:23.806271 2024] [mpm_event:notice] [pid 1:tid 1] AH00492: caught SIGWINCH, shutting down gracefully
[Tue Dec 17 10:07:26.850774 2024] [mpm_event:notice] [pid 1:tid 1] AH00489: Apache/2.4.62 (Unix) configured -- resuming normal operations
[Tue Dec 17 10:07:26.851265 2024] [core:notice] [pid 1:tid 1] AH00094: Command line: 'httpd -D FOREGROUND'
[Tue Dec 17 10:18:08.841128 2024] [mpm_event:notice] [pid 1:tid 1] AH00489: Apache/2.4.62 (Unix) configured -- resuming normal operations
[Tue Dec 17 10:18:08.868016 2024] [core:notice] [pid 1:tid 1] AH00094: Command line: 'httpd -D FOREGROUND'
[Tue Dec 17 10:25:00.970287 2024] [mpm_event:notice] [pid 1:tid 1] AH00492: caught SIGWINCH, shutting down gracefully
[Tue Dec 17 10:25:07.846186 2024] [mpm_event:notice] [pid 1:tid 1] AH00489: Apache/2.4.62 (Unix) configured -- resuming normal operations
[Tue Dec 17 10:25:07.846281 2024] [core:notice] [pid 1:tid 1] AH00094: Command line: 'httpd -D FOREGROUND'
[Tue Dec 17 10:27:20.567600 2024] [mpm_event:notice] [pid 1:tid 1] AH00492: caught SIGWINCH, shutting down gracefully
[Tue Dec 17 10:29:25.272298 2024] [mpm_event:notice] [pid 1:tid 1] AH00489: Apache/2.4.62 (Unix) configured -- resuming normal operations
[Tue Dec 17 10:29:25.272412 2024] [core:notice] [pid 1:tid 1] AH00094: Command line: 'httpd -D FOREGROUND'
[Tue Dec 17 10:55:58.438742 2024] [mpm_event:notice] [pid 1:tid 1] AH00492: caught SIGWINCH, shutting down gracefully
[Tue Dec 17 10:56:08.291843 2024] [mpm_event:notice] [pid 1:tid 1] AH00489: Apache/2.4.62 (Unix) configured -- resuming normal operations
[Tue Dec 17 10:56:08.294783 2024] [core:notice] [pid 1:tid 1] AH00094: Command line: 'httpd -D FOREGROUND'
[Tue Dec 17 10:57:34.495087 2024] [mpm_event:notice] [pid 1:tid 1] AH00492: caught SIGWINCH, shutting down gracefully
[Wed Dec 18 03:38:32.191977 2024] [mpm_event:notice] [pid 1:tid 1] AH00489: Apache/2.4.62 (Unix) configured -- resuming normal operations
[Wed Dec 18 03:38:32.192124 2024] [core:notice] [pid 1:tid 1] AH00094: Command line: 'httpd -D FOREGROUND'
[Wed Dec 18 08:59:56.767010 2024] [mpm_event:notice] [pid 1:tid 1] AH00492: caught SIGWINCH, shutting down gracefully
[Wed Dec 18 09:50:01.909233 2024] [mpm_event:notice] [pid 1:tid 1] AH00489: Apache/2.4.62 (Unix) configured -- resuming normal operations
[Wed Dec 18 09:50:01.924722 2024] [core:notice] [pid 1:tid 1] AH00094: Command line: 'httpd -D FOREGROUND'
[Wed Dec 18 10:47:46.012648 2024] [mpm_event:notice] [pid 1:tid 1] AH00492: caught SIGWINCH, shutting down gracefully
[Thu Dec 19 02:07:29.757452 2024] [mpm_event:notice] [pid 1:tid 1] AH00489: Apache/2.4.62 (Unix) configured -- resuming normal operations
[Thu Dec 19 02:07:29.774825 2024] [core:notice] [pid 1:tid 1] AH00094: Command line: 'httpd -D FOREGROUND'
[Thu Dec 19 05:42:59.989372 2024] [mpm_event:notice] [pid 1:tid 1] AH00489: Apache/2.4.62 (Unix) configured -- resuming normal operations
[Thu Dec 19 05:42:59.992463 2024] [core:notice] [pid 1:tid 1] AH00094: Command line: 'httpd -D FOREGROUND'
[Thu Dec 19 05:47:21.387294 2024] [mpm_event:notice] [pid 1:tid 1] AH00492: caught SIGWINCH, shutting down gracefully
[Thu Dec 19 05:55:24.202975 2024] [core:error] [pid 1:tid 1] (2)No such file or directory: AH00095: failed to remove PID file /usr/local/apache2/logs/httpd.pid
[Thu Dec 19 05:55:24.326350 2024] [mpm_event:notice] [pid 1:tid 1] AH00492: caught SIGWINCH, shutting down gracefully
[Thu Dec 19 07:25:37.698767 2024] [mpm_event:notice] [pid 1:tid 1] AH00489: Apache/2.4.62 (Unix) configured -- resuming normal operations
[Thu Dec 19 07:25:37.714329 2024] [core:notice] [pid 1:tid 1] AH00094: Command line: 'httpd -D FOREGROUND'
